<?xml version="1.0" encoding="UTF-8"?>
<testsuite xmlns:xsi="http://www.w3.org/2001/XMLSchema-instance" xsi:noNamespaceSchemaLocation="https://maven.apache.org/surefire/maven-surefire-plugin/xsd/surefire-test-report-3.0.xsd" version="3.0" name="avtorizationpage" time="16.19" tests="5" errors="0" skipped="0" failures="0">
  <properties>
[...]
</properties>
  <testcase name="testlogin" classname="avtorizationpage" time="1.672">
    <system-out><![CDATA[START TEST
]]></system-out>
    <system-err><![CDATA[июн. 24, 2021 2:25:22 PM org.openqa.selenium.remote.ProtocolHandshake createSession
INFO: Detected dialect: W3C
]]></system-err>
  </testcase>
  <testcase name="testvalid" classname="avtorizationpage" time="2.713">
    <system-out><![CDATA[START TEST
]]></system-out>
  </testcase>
  <testcase name="testlink" classname="avtorizationpage" time="1.773">
    <system-out><![CDATA[START TEST
]]></system-out>
  </testcase>
  <testcase name="testmenu" classname="avtorizationpage" time="1.434">
    <system-out><![CDATA[START TEST
]]></system-out>
  </testcase>
  <testcase name="enter" classname="avtorizationpage" time="1.897">
    <system-out><![CDATA[START TEST
]]></system-out>
  </testcase>
</testsuite>